E:\CPP_WORKSPACE\MFC3100\SELECTPOINT\DEBUG\SELECTPOINT.PCH
E:\CPP_WORKSPACE\MFC3100\SELECTPOINT\DEBUG\STDAFX.OBJ
E:\CPP_WORKSPACE\MFC3100\SELECTPOINT\DEBUG\VC110.PDB
E:\CPP_WORKSPACE\MFC3100\SELECTPOINT\DEBUG\SEALSTATIC.OBJ
E:\CPP_WORKSPACE\MFC3100\SELECTPOINT\DEBUG\SELECTPOINT.OBJ
E:\CPP_WORKSPACE\MFC3100\SELECTPOINT\DEBUG\SELRESULT.OBJ
E:\CPP_WORKSPACE\MFC3100\DEBUG\SELECTPOINT.ILK
E:\CPP_WORKSPACE\MFC3100\DEBUG\SELECTPOINT.DLL
E:\CPP_WORKSPACE\MFC3100\DEBUG\SELECTPOINT.PDB
E:\CPP_WORKSPACE\MFC3100\SELECTPOINT\DEBUG\SELECTPOINT.RES
E:\cpp_workspace\MFC3100\Debug\SelectPoint.lib
E:\cpp_workspace\MFC3100\Debug\SelectPoint.exp
E:\cpp_workspace\MFC3100\SelectPoint\Debug\SealStatic.obj
E:\cpp_workspace\MFC3100\SelectPoint\Debug\SelectPoint.obj
E:\cpp_workspace\MFC3100\SelectPoint\Debug\SelResult.obj
E:\cpp_workspace\MFC3100\SelectPoint\Debug\stdafx.obj
E:\cpp_workspace\MFC3100\SelectPoint\Debug\cl.command.1.tlog
E:\cpp_workspace\MFC3100\SelectPoint\Debug\CL.read.1.tlog
E:\cpp_workspace\MFC3100\SelectPoint\Debug\CL.write.1.tlog
E:\cpp_workspace\MFC3100\SelectPoint\Debug\link-cvtres.read.1.tlog
E:\cpp_workspace\MFC3100\SelectPoint\Debug\link-cvtres.write.1.tlog
E:\cpp_workspace\MFC3100\SelectPoint\Debug\link-mt.read.1.tlog
E:\cpp_workspace\MFC3100\SelectPoint\Debug\link-mt.write.1.tlog
E:\cpp_workspace\MFC3100\SelectPoint\Debug\link-rc.read.1.tlog
E:\cpp_workspace\MFC3100\SelectPoint\Debug\link-rc.write.1.tlog
E:\cpp_workspace\MFC3100\SelectPoint\Debug\link.command.1.tlog
E:\cpp_workspace\MFC3100\SelectPoint\Debug\link.read.1.tlog
E:\cpp_workspace\MFC3100\SelectPoint\Debug\link.write.1.tlog
E:\cpp_workspace\MFC3100\SelectPoint\Debug\rc.command.1.tlog
E:\cpp_workspace\MFC3100\SelectPoint\Debug\rc.read.1.tlog
E:\cpp_workspace\MFC3100\SelectPoint\Debug\rc.write.1.tlog
E:\cpp_workspace\MFC3100\SelectPoint\Debug\SelectPoint.write.1.tlog
E:\cpp_workspace\MFC3100\SelectPoint\Debug\SelectPoint.res
E:\cpp_workspace\MFC3100\SelectPoint\Debug\SelectPoint.pch
E:\cpp_workspace\MFC3100\SelectPoint\Debug\vc110.idb
E:\cpp_workspace\MFC3100\SelectPoint\Debug\vc110.pdb
E:\cpp_workspace\MFC3100\Debug\SelectPoint.pdb
E:\cpp_workspace\MFC3100\Debug\SelectPoint.dll
E:\cpp_workspace\MFC3100\Debug\SelectPoint.ilk
